
> front@0.1.0 start
> BROWSER=none react-scripts start

(node:31460) [DEP_WEBPACK_DEV_SERVER_ON_AFTER_SETUP_MIDDLEWARE] DeprecationWarning: 'onAfterSetupMiddleware' option is deprecated. Please use the 'setupMiddlewares' option.
(Use `node --trace-deprecation ...` to show where the warning was created)
(node:31460) [DEP_WEBPACK_DEV_SERVER_ON_BEFORE_SETUP_MIDDLEWARE] DeprecationWarning: 'onBeforeSetupMiddleware' option is deprecated. Please use the 'setupMiddlewares' option.
Starting the development server...

Compiled successfully!

You can now view front in the browser.

  Local:            http://localhost:3000
  On Your Network:  http://192.168.2.16:3000

Note that the development build is not optimized.
To create a production build, use npm run build.

webpack compiled successfully
The build failed because the process exited too early. This probably means the system ran out of memory or someone called `kill -9` on the process.

> front@0.1.0 start
> BROWSER=none react-scripts start

(node:31732) [DEP_WEBPACK_DEV_SERVER_ON_AFTER_SETUP_MIDDLEWARE] DeprecationWarning: 'onAfterSetupMiddleware' option is deprecated. Please use the 'setupMiddlewares' option.
(Use `node --trace-deprecation ...` to show where the warning was created)
(node:31732) [DEP_WEBPACK_DEV_SERVER_ON_BEFORE_SETUP_MIDDLEWARE] DeprecationWarning: 'onBeforeSetupMiddleware' option is deprecated. Please use the 'setupMiddlewares' option.
Starting the development server...

Compiled successfully!

You can now view front in the browser.

  Local:            http://localhost:3000
  On Your Network:  http://192.168.2.16:3000

Note that the development build is not optimized.
To create a production build, use npm run build.

webpack compiled successfully
The build failed because the process exited too early. This probably means the system ran out of memory or someone called `kill -9` on the process.

> front@0.1.0 start
> BROWSER=none react-scripts start

(node:31896) [DEP_WEBPACK_DEV_SERVER_ON_AFTER_SETUP_MIDDLEWARE] DeprecationWarning: 'onAfterSetupMiddleware' option is deprecated. Please use the 'setupMiddlewares' option.
(Use `node --trace-deprecation ...` to show where the warning was created)
(node:31896) [DEP_WEBPACK_DEV_SERVER_ON_BEFORE_SETUP_MIDDLEWARE] DeprecationWarning: 'onBeforeSetupMiddleware' option is deprecated. Please use the 'setupMiddlewares' option.
Starting the development server...

Compiled successfully!

You can now view front in the browser.

  Local:            http://localhost:3000
  On Your Network:  http://192.168.2.16:3000

Note that the development build is not optimized.
To create a production build, use npm run build.

webpack compiled successfully
The build failed because the process exited too early. This probably means the system ran out of memory or someone called `kill -9` on the process.

> front@0.1.0 start
> BROWSER=none react-scripts start

(node:32047) [DEP_WEBPACK_DEV_SERVER_ON_AFTER_SETUP_MIDDLEWARE] DeprecationWarning: 'onAfterSetupMiddleware' option is deprecated. Please use the 'setupMiddlewares' option.
(Use `node --trace-deprecation ...` to show where the warning was created)
(node:32047) [DEP_WEBPACK_DEV_SERVER_ON_BEFORE_SETUP_MIDDLEWARE] DeprecationWarning: 'onBeforeSetupMiddleware' option is deprecated. Please use the 'setupMiddlewares' option.
Starting the development server...

Compiled successfully!

You can now view front in the browser.

  Local:            http://localhost:3000
  On Your Network:  http://192.168.2.16:3000

Note that the development build is not optimized.
To create a production build, use npm run build.

webpack compiled successfully
